[0.015s] Invoking command in '/home/ri-one/ws/robo_exp/build/robo_exp': CMAKE_PREFIX_PATH=${CMAKE_PREFIX_PATH}:/opt/ros/foxy /usr/bin/cmake --build /home/ri-one/ws/robo_exp/build/robo_exp -- -j8 -l8
[0.067s] [35m[1mScanning dependencies of target move[0m
[0.107s] [ 66%] [32mBuilding CXX object CMakeFiles/move.dir/src/move.cpp.o[0m
[0.108s] [ 66%] [32mBuilding CXX object CMakeFiles/move.dir/src/main.cpp.o[0m
[1.609s] [01m[K/home/ri-one/ws/robo_exp/src/move.cpp:[m[K In member function â€˜[01m[Kvoid Move::callback_position(geometry_msgs::msg::PoseStamped_<std::allocator<void> >::SharedPtr)[m[Kâ€™:
[1.609s] [01m[K/home/ri-one/ws/robo_exp/src/move.cpp:16:30:[m[K [01;31m[Kerror: [m[Kâ€˜[01m[Kusing element_type = struct geometry_msgs::msg::PoseStamped_<std::allocator<void> >[m[Kâ€™ {aka â€˜[01m[Kstruct geometry_msgs::msg::PoseStamped_<std::allocator<void> >[m[Kâ€™} has no member named â€˜[01m[Kpoint[m[Kâ€™
[1.609s]    16 |  target_position = position->[01;31m[Kpoint[m[K;
[1.609s]       |                              [01;31m[K^~~~~[m[K
[3.151s] make[2]: *** [CMakeFiles/move.dir/build.make:76: CMakeFiles/move.dir/src/move.cpp.o] ã‚¨ãƒ©ãƒ¼ 1
[3.151s] make[1]: *** [CMakeFiles/Makefile2:78: CMakeFiles/move.dir/all] ã‚¨ãƒ©ãƒ¼ 2
[3.151s] make: *** [Makefile:141: all] ã‚¨ãƒ©ãƒ¼ 2
[3.153s] Invoked command in '/home/ri-one/ws/robo_exp/build/robo_exp' returned '2': CMAKE_PREFIX_PATH=${CMAKE_PREFIX_PATH}:/opt/ros/foxy /usr/bin/cmake --build /home/ri-one/ws/robo_exp/build/robo_exp -- -j8 -l8
