[0.015s] Invoking command in '/home/ri-one/ws/robo_exp/build/robo_exp': CMAKE_PREFIX_PATH=${CMAKE_PREFIX_PATH}:/opt/ros/foxy /usr/bin/cmake --build /home/ri-one/ws/robo_exp/build/robo_exp -- -j8 -l8
[0.067s] [35m[1mScanning dependencies of target move[0m
[0.105s] [ 33%] [32mBuilding CXX object CMakeFiles/move.dir/src/main.cpp.o[0m
[0.105s] [ 66%] [32mBuilding CXX object CMakeFiles/move.dir/src/move.cpp.o[0m
[1.584s] [01m[K/home/ri-one/ws/robo_exp/src/move.cpp:[m[K In member function â€˜[01m[Kvoid Move::callback_position(geometry_msgs::msg::PointStamped_<std::allocator<void> >::SharedPtr)[m[Kâ€™:
[1.584s] [01m[K/home/ri-one/ws/robo_exp/src/move.cpp:16:2:[m[K [01;31m[Kerror: [m[Kâ€˜[01m[Kcout[m[Kâ€™ was not declared in this scope; did you mean â€˜[01m[Kstd::cout[m[Kâ€™?
[1.585s]    16 |  [01;31m[Kcout[m[K<<position->point.x<<endl;
[1.585s]       |  [01;31m[K^~~~[m[K
[1.585s]       |  [32m[Kstd::cout[m[K
[1.585s] In file included from [01m[K/opt/ros/foxy/include/rclcpp/executor.hpp:22[m[K,
[1.585s]                  from [01m[K/opt/ros/foxy/include/rclcpp/executors/multi_threaded_executor.hpp:26[m[K,
[1.585s]                  from [01m[K/opt/ros/foxy/include/rclcpp/executors.hpp:21[m[K,
[1.585s]                  from [01m[K/opt/ros/foxy/include/rclcpp/rclcpp.hpp:146[m[K,
[1.586s]                  from [01m[K/home/ri-one/ws/robo_exp/src/move.hpp:2[m[K,
[1.586s]                  from [01m[K/home/ri-one/ws/robo_exp/src/move.cpp:1[m[K:
[1.586s] [01m[K/usr/include/c++/9/iostream:61:18:[m[K [01;36m[Knote: [m[Kâ€˜[01m[Kstd::cout[m[Kâ€™ declared here
[1.586s]    61 |   extern ostream [01;36m[Kcout[m[K;  /// Linked to standard output
[1.586s]       |                  [01;36m[K^~~~[m[K
[1.586s] [01m[K/home/ri-one/ws/robo_exp/src/move.cpp:16:27:[m[K [01;31m[Kerror: [m[Kâ€˜[01m[Kendl[m[Kâ€™ was not declared in this scope; did you mean â€˜[01m[Kstd::endl[m[Kâ€™?
[1.587s]    16 |  cout<<position->point.x<<[01;31m[Kendl[m[K;
[1.587s]       |                           [01;31m[K^~~~[m[K
[1.587s]       |                           [32m[Kstd::endl[m[K
[1.587s] In file included from [01m[K/usr/include/c++/9/iostream:39[m[K,
[1.587s]                  from [01m[K/opt/ros/foxy/include/rclcpp/executor.hpp:22[m[K,
[1.587s]                  from [01m[K/opt/ros/foxy/include/rclcpp/executors/multi_threaded_executor.hpp:26[m[K,
[1.588s]                  from [01m[K/opt/ros/foxy/include/rclcpp/executors.hpp:21[m[K,
[1.588s]                  from [01m[K/opt/ros/foxy/include/rclcpp/rclcpp.hpp:146[m[K,
[1.588s]                  from [01m[K/home/ri-one/ws/robo_exp/src/move.hpp:2[m[K,
[1.588s]                  from [01m[K/home/ri-one/ws/robo_exp/src/move.cpp:1[m[K:
[1.588s] [01m[K/usr/include/c++/9/ostream:599:5:[m[K [01;36m[Knote: [m[Kâ€˜[01m[Kstd::endl[m[Kâ€™ declared here
[1.588s]   599 |     [01;36m[Kendl[m[K(basic_ostream<_CharT, _Traits>& __os)
[1.589s]       |     [01;36m[K^~~~[m[K
[3.114s] make[2]: *** [CMakeFiles/move.dir/build.make:76: CMakeFiles/move.dir/src/move.cpp.o] ã‚¨ãƒ©ãƒ¼ 1
[3.114s] make[1]: *** [CMakeFiles/Makefile2:78: CMakeFiles/move.dir/all] ã‚¨ãƒ©ãƒ¼ 2
[3.114s] make: *** [Makefile:141: all] ã‚¨ãƒ©ãƒ¼ 2
[3.117s] Invoked command in '/home/ri-one/ws/robo_exp/build/robo_exp' returned '2': CMAKE_PREFIX_PATH=${CMAKE_PREFIX_PATH}:/opt/ros/foxy /usr/bin/cmake --build /home/ri-one/ws/robo_exp/build/robo_exp -- -j8 -l8
