[35m[1mScanning dependencies of target move[0m
[ 66%] [32mBuilding CXX object CMakeFiles/move.dir/src/move.cpp.o[0m
[ 66%] [32mBuilding CXX object CMakeFiles/move.dir/src/main.cpp.o[0m
[01m[K/home/ri-one/ws/robo_exp/src/move.cpp:[m[K In member function â€˜[01m[Kvoid Move::callback_position(geometry_msgs::msg::PointStamped_<std::allocator<void> >::SharedPtr)[m[Kâ€™:
[01m[K/home/ri-one/ws/robo_exp/src/move.cpp:16:2:[m[K [01;31m[Kerror: [m[Kâ€˜[01m[Ktarget_position[m[Kâ€™ was not declared in this scope
   16 |  [01;31m[Ktarget_position[m[K = position->point;
      |  [01;31m[K^~~~~~~~~~~~~~~[m[K
make[2]: *** [CMakeFiles/move.dir/build.make:76: CMakeFiles/move.dir/src/move.cpp.o] ã‚¨ãƒ©ãƒ¼ 1
make[1]: *** [CMakeFiles/Makefile2:78: CMakeFiles/move.dir/all] ã‚¨ãƒ©ãƒ¼ 2
make: *** [Makefile:141: all] ã‚¨ãƒ©ãƒ¼ 2
