[0.018s] Invoking command in '/home/ri-one/ws/robo_exp/build/robo_exp': CMAKE_PREFIX_PATH=${CMAKE_PREFIX_PATH}:/opt/ros/foxy /usr/bin/cmake --build /home/ri-one/ws/robo_exp/build/robo_exp -- -j8 -l8
[0.067s] [35m[1mScanning dependencies of target move[0m
[0.105s] [ 66%] [32mBuilding CXX object CMakeFiles/move.dir/src/move.cpp.o[0m
[0.105s] [ 66%] [32mBuilding CXX object CMakeFiles/move.dir/src/main.cpp.o[0m
[1.630s] [01m[K/home/ri-one/ws/robo_exp/src/move.cpp:[m[K In member function â€˜[01m[Kvoid Move::callback_position(geometry_msgs::msg::PointStamped_<std::allocator<void> >::SharedPtr)[m[Kâ€™:
[1.630s] [01m[K/home/ri-one/ws/robo_exp/src/move.cpp:16:2:[m[K [01;31m[Kerror: [m[Kâ€˜[01m[Ktarget_position[m[Kâ€™ was not declared in this scope
[1.630s]    16 |  [01;31m[Ktarget_position[m[K = position->point;
[1.630s]       |  [01;31m[K^~~~~~~~~~~~~~~[m[K
[3.178s] make[2]: *** [CMakeFiles/move.dir/build.make:76: CMakeFiles/move.dir/src/move.cpp.o] ã‚¨ãƒ©ãƒ¼ 1
[3.178s] make[1]: *** [CMakeFiles/Makefile2:78: CMakeFiles/move.dir/all] ã‚¨ãƒ©ãƒ¼ 2
[3.178s] make: *** [Makefile:141: all] ã‚¨ãƒ©ãƒ¼ 2
[3.180s] Invoked command in '/home/ri-one/ws/robo_exp/build/robo_exp' returned '2': CMAKE_PREFIX_PATH=${CMAKE_PREFIX_PATH}:/opt/ros/foxy /usr/bin/cmake --build /home/ri-one/ws/robo_exp/build/robo_exp -- -j8 -l8
