[0.015s] Invoking command in '/home/ri-one/ws/robo_exp/build/robo_exp': CMAKE_PREFIX_PATH=${CMAKE_PREFIX_PATH}:/opt/ros/foxy /usr/bin/cmake --build /home/ri-one/ws/robo_exp/build/robo_exp -- -j8 -l8
[0.049s] -- Found ament_cmake: 0.9.9 (/opt/ros/foxy/share/ament_cmake/cmake)
[0.076s] -- Using PYTHON_EXECUTABLE: /usr/bin/python3
[0.292s] -- Found rclcpp: 2.4.0 (/opt/ros/foxy/share/rclcpp/cmake)
[0.333s] -- Using all available rosidl_typesupport_c: rosidl_typesupport_fastrtps_c;rosidl_typesupport_introspection_c
[0.337s] -- Found rosidl_adapter: 1.2.1 (/opt/ros/foxy/share/rosidl_adapter/cmake)
[0.481s] -- Using all available rosidl_typesupport_cpp: rosidl_typesupport_fastrtps_cpp;rosidl_typesupport_introspection_cpp
[0.543s] -- Found rmw_implementation_cmake: 1.0.3 (/opt/ros/foxy/share/rmw_implementation_cmake/cmake)
[0.545s] -- Using RMW implementation 'rmw_fastrtps_cpp' as default
[0.722s] -- Found message_info: 0.0.0 (/home/ri-one/ssl_ws/RiAI/install/message_info/share/message_info/cmake)
[1.027s] -- Found gui: 0.0.0 (/home/ri-one/ssl_ws/RiAI/install/gui/share/gui/cmake)
[1.027s] -- Found eigen3_cmake_module: 0.1.1 (/opt/ros/foxy/share/eigen3_cmake_module/cmake)
[1.031s] -- Found ament_lint_auto: 0.9.6 (/opt/ros/foxy/share/ament_lint_auto/cmake)
[1.105s] -- Configuring done
[1.116s] -- Generating done
[1.118s] -- Build files have been written to: /home/ri-one/ws/robo_exp/build/robo_exp
[1.171s] [ 33%] [32mBuilding CXX object CMakeFiles/move.dir/src/main.cpp.o[0m
[2.595s] [01m[K/home/ri-one/ws/robo_exp/src/main.cpp:[m[K In function â€˜[01m[Kint main(int, char**)[m[Kâ€™:
[2.596s] [01m[K/home/ri-one/ws/robo_exp/src/main.cpp:9:3:[m[K [01;31m[Kerror: [m[Kâ€˜[01m[Kgeometry_msgs[m[Kâ€™ has not been declared
[2.596s]     9 |   [01;31m[Kgeometry_msgs[m[K::msg::pose target_position;
[2.596s]       |   [01;31m[K^~~~~~~~~~~~~[m[K
[3.042s] make[2]: *** [CMakeFiles/move.dir/build.make:63: CMakeFiles/move.dir/src/main.cpp.o] ã‚¨ãƒ©ãƒ¼ 1
[3.042s] make[1]: *** [CMakeFiles/Makefile2:78: CMakeFiles/move.dir/all] ã‚¨ãƒ©ãƒ¼ 2
[3.042s] make: *** [Makefile:141: all] ã‚¨ãƒ©ãƒ¼ 2
[3.044s] Invoked command in '/home/ri-one/ws/robo_exp/build/robo_exp' returned '2': CMAKE_PREFIX_PATH=${CMAKE_PREFIX_PATH}:/opt/ros/foxy /usr/bin/cmake --build /home/ri-one/ws/robo_exp/build/robo_exp -- -j8 -l8
