[0.016s] Invoking command in '/home/ri-one/ws/robo_exp/build/robo_exp': CMAKE_PREFIX_PATH=${CMAKE_PREFIX_PATH}:/opt/ros/foxy /usr/bin/cmake --build /home/ri-one/ws/robo_exp/build/robo_exp -- -j8 -l8
[0.068s] [35m[1mScanning dependencies of target move[0m
[0.104s] [ 33%] [32mBuilding CXX object CMakeFiles/move.dir/src/move.cpp.o[0m
[1.571s] [01m[K/home/ri-one/ws/robo_exp/src/move.cpp:[m[K In member function â€˜[01m[Kvoid Move::callback_position(geometry_msgs::msg::PointStamped_<std::allocator<void> >::SharedPtr)[m[Kâ€™:
[1.571s] [01m[K/home/ri-one/ws/robo_exp/src/move.cpp:17:8:[m[K [01;31m[Kerror: [m[Kâ€˜[01m[Ktarget_point[m[Kâ€™ was not declared in this scope; did you mean â€˜[01m[Ktarget_position[m[Kâ€™?
[1.571s]    17 |  cout<<[01;31m[Ktarget_point[m[K.x<<endl;
[1.571s]       |        [01;31m[K^~~~~~~~~~~~[m[K
[1.571s]       |        [32m[Ktarget_position[m[K
[3.109s] make[2]: *** [CMakeFiles/move.dir/build.make:76: CMakeFiles/move.dir/src/move.cpp.o] ã‚¨ãƒ©ãƒ¼ 1
[3.110s] make[1]: *** [CMakeFiles/Makefile2:78: CMakeFiles/move.dir/all] ã‚¨ãƒ©ãƒ¼ 2
[3.110s] make: *** [Makefile:141: all] ã‚¨ãƒ©ãƒ¼ 2
[3.112s] Invoked command in '/home/ri-one/ws/robo_exp/build/robo_exp' returned '2': CMAKE_PREFIX_PATH=${CMAKE_PREFIX_PATH}:/opt/ros/foxy /usr/bin/cmake --build /home/ri-one/ws/robo_exp/build/robo_exp -- -j8 -l8
